<?xml version="1.0" encoding="UTF-8"?>
<!-- Generated by org.testng.reporters.JUnitReportReporter -->
<testsuite hostname="bdc7-l-fmvbb54" failures="0" tests="3" name="com.edureka.Excel.MyTestClass" time="0.015" errors="0" timestamp="2025-03-09T19:27:38 IST" skipped="0">
  <testcase classname="com.edureka.Excel.MyTestClass" name="samplemethod3" time="0.001"/>
  <system-out/>
  <testcase classname="com.edureka.Excel.MyTestClass" name="samplemethod2" time="0.002"/>
  <system-out/>
  <testcase classname="com.edureka.Excel.MyTestClass" name="samplemethod1" time="0.012"/>
  <system-out/>
</testsuite> <!-- com.edureka.Excel.MyTestClass -->
