<?xml version="1.0" encoding="UTF-8"?>
<!-- Generated by org.testng.reporters.JUnitReportReporter -->
<testsuite hostname="bdc7-l-fmvbb54" failures="0" tests="2" name="com.edureka.Excel.TestNGAnnotations" time="0.010" errors="0" timestamp="2025-08-04T16:20:20 IST" skipped="0">
  <testcase classname="com.edureka.Excel.TestNGAnnotations" name="testCase1" time="0.007"/>
  <system-out/>
  <testcase classname="com.edureka.Excel.TestNGAnnotations" name="testCase2" time="0.003"/>
  <system-out/>
</testsuite> <!-- com.edureka.Excel.TestNGAnnotations -->
