<?xml version="1.0" encoding="UTF-8"?>
<!-- Generated by org.testng.reporters.JUnitReportReporter -->
<testsuite hostname="bdc7-l-fmvbb54" failures="0" tests="1" name="com.edureka.Excel.TestNG_Groups" time="0.008" errors="0" timestamp="2025-08-04T16:22:29 IST" skipped="0">
  <testcase classname="com.edureka.Excel.TestNG_Groups" name="testCase1" time="0.008"/>
  <system-out/>
</testsuite> <!-- com.edureka.Excel.TestNG_Groups -->
