<?xml version="1.0" encoding="UTF-8"?>
<!-- Generated by org.testng.reporters.JUnitReportReporter -->
<testsuite hostname="bdc7-l-fmvbb54" failures="0" tests="1" name="com.edureka.Excel.TestNG_Groups_Exclude$TestNG_NestedGroups" time="0.008" errors="0" timestamp="2025-08-05T13:54:35 IST" skipped="0">
  <testcase classname="com.edureka.Excel.TestNG_Groups_Exclude$TestNG_NestedGroups" name="testCase2" time="0.008"/>
  <system-out/>
</testsuite> <!-- com.edureka.Excel.TestNG_Groups_Exclude$TestNG_NestedGroups -->
