<?xml version="1.0" encoding="UTF-8"?>
<!-- Generated by org.testng.reporters.JUnitReportReporter -->
<testsuite hostname="bdc7-l-fmvbb54" failures="0" tests="1" name="com.edureka.Excel.ParameterTestNG" time="0.011" errors="0" timestamp="2025-03-09T19:21:41 IST" skipped="0">
  <testcase classname="com.edureka.Excel.ParameterTestNG" name="LaunchUrl" time="0.011"/>
  <system-out/>
</testsuite> <!-- com.edureka.Excel.ParameterTestNG -->
