<?xml version="1.0" encoding="UTF-8"?>
<!-- Generated by org.testng.reporters.JUnitReportReporter -->
<testsuite hostname="bdc7-l-fmvbb54" failures="0" tests="2" name="com.edureka.Excel.SampleTestNG" time="0.016" errors="0" timestamp="2025-03-09T10:19:19 IST" skipped="0">
  <testcase classname="com.edureka.Excel.SampleTestNG" name="Addition" time="0.010"/>
  <system-out/>
  <testcase classname="com.edureka.Excel.SampleTestNG" name="subtraction" time="0.006"/>
  <system-out/>
</testsuite> <!-- com.edureka.Excel.SampleTestNG -->
