<?xml version="1.0" encoding="UTF-8"?>
<!-- Generated by org.testng.reporters.JUnitReportReporter -->
<testsuite hostname="bdc7-l-fmvbb54" failures="0" tests="2" name="com.edureka.Excel.Depends" time="0.001" errors="0" timestamp="2025-03-09T19:21:41 IST" skipped="0">
  <testcase classname="com.edureka.Excel.Depends" name="logout" time="0.001"/>
  <system-out/>
  <testcase classname="com.edureka.Excel.Depends" name="login" time="0.000"/>
  <system-out/>
</testsuite> <!-- com.edureka.Excel.Depends -->
